Using pre-set license
Built from '2020.3/staging' branch; Version is '2020.3.41f1 (7c19dc9acfda) revision 8133084'; Using compiler version '192528614'; Build Type 'Release'
OS: 'Windows 10  (10.0.19044) 64bit Core' Language: 'zh' Physical Memory: 32620 MB
BatchMode: 1, IsHumanControllingUs: 0, StartBugReporterOnCrash: 0, Is64bit: 1, IsPro: 0

COMMAND LINE ARGUMENTS:
D:\UnityEditer\2020.3.41f1\Editor\Unity.exe
-adb2
-batchMode
-noUpm
-name
AssetImportWorker0
-projectPath
F:/my_unity/CC_Shaders
-logFile
Logs/AssetImportWorker0.log
-srvPort
26422
Successfully changed project path to: F:/my_unity/CC_Shaders
F:/my_unity/CC_Shaders
Using Asset Import Pipeline V2.
Refreshing native plugins compatible for Editor in 46.47 ms, found 2 plugins.
Preloading 0 native plugins for Editor in 0.00 ms.
Initialize engine version: 2020.3.41f1 (7c19dc9acfda)
[Subsystems] Discovering subsystems at path D:/UnityEditer/2020.3.41f1/Editor/Data/Resources/UnitySubsystems
[Subsystems] Discovering subsystems at path F:/my_unity/CC_Shaders/Assets
GfxDevice: creating device client; threaded=0
Direct3D:
    Version:  Direct3D 11.0 [level 11.1]
    Renderer: NVIDIA GeForce RTX 3060 Laptop GPU (ID=0x2560)
    Vendor:   
    VRAM:     6023 MB
    Driver:   31.0.15.2206
Initialize mono
Mono path[0] = 'D:/UnityEditer/2020.3.41f1/Editor/Data/Managed'
Mono path[1] = 'D:/UnityEditer/2020.3.41f1/Editor/Data/MonoBleedingEdge/lib/mono/unityjit'
Mono config path = 'D:/UnityEditer/2020.3.41f1/Editor/Data/MonoBleedingEdge/etc'
Using monoOptions --debugger-agent=transport=dt_socket,embedding=1,server=y,suspend=n,address=127.0.0.1:56580
Begin MonoManager ReloadAssembly
Registering precompiled unity dll's ...
Register platform support module: D:/UnityEditer/2020.3.41f1/Editor/Data/PlaybackEngines/WindowsStandaloneSupport/UnityEditor.WindowsStandalone.Extensions.dll
Registered in 0.000848 seconds.
Native extension for WindowsStandalone target not found
Refreshing native plugins compatible for Editor in 48.09 ms, found 2 plugins.
Preloading 0 native plugins for Editor in 0.00 ms.
Mono: successfully reloaded assembly
- Completed reload, in  0.450 seconds
Domain Reload Profiling:
	ReloadAssembly (450ms)
		BeginReloadAssembly (45ms)
			ExecutionOrderSort (0ms)
			DisableScriptedObjects (0ms)
			BackupInstance (0ms)
			ReleaseScriptingObjects (0ms)
			CreateAndSetChildDomain (1ms)
		EndReloadAssembly (355ms)
			LoadAssemblies (44ms)
			RebuildTransferFunctionScriptingTraits (0ms)
			SetupTypeCache (109ms)
			ReleaseScriptCaches (0ms)
			RebuildScriptCaches (20ms)
			SetupLoadedEditorAssemblies (148ms)
				LogAssemblyErrors (0ms)
				InitializePlatformSupportModulesInManaged (4ms)
				SetLoadedEditorAssemblies (0ms)
				RefreshPlugins (48ms)
				BeforeProcessingInitializeOnLoad (13ms)
				ProcessInitializeOnLoadAttributes (61ms)
				ProcessInitializeOnLoadMethodAttributes (22ms)
				AfterProcessingInitializeOnLoad (0ms)
				EditorAssembliesLoaded (0ms)
			ExecutionOrderSort2 (0ms)
			AwakeInstancesAfterBackupRestoration (0ms)
Platform modules already initialized, skipping
Registering precompiled user dll's ...
Registered in 0.002114 seconds.
Begin MonoManager ReloadAssembly
Native extension for WindowsStandalone target not found
Refreshing native plugins compatible for Editor in 45.37 ms, found 2 plugins.
Preloading 0 native plugins for Editor in 0.00 ms.
Mono: successfully reloaded assembly
- Completed reload, in  0.824 seconds
Domain Reload Profiling:
	ReloadAssembly (825ms)
		BeginReloadAssembly (99ms)
			ExecutionOrderSort (0ms)
			DisableScriptedObjects (4ms)
			BackupInstance (0ms)
			ReleaseScriptingObjects (0ms)
			CreateAndSetChildDomain (15ms)
		EndReloadAssembly (686ms)
			LoadAssemblies (69ms)
			RebuildTransferFunctionScriptingTraits (0ms)
			SetupTypeCache (224ms)
			ReleaseScriptCaches (0ms)
			RebuildScriptCaches (48ms)
			SetupLoadedEditorAssemblies (272ms)
				LogAssemblyErrors (0ms)
				InitializePlatformSupportModulesInManaged (2ms)
				SetLoadedEditorAssemblies (0ms)
				RefreshPlugins (45ms)
				BeforeProcessingInitializeOnLoad (72ms)
				ProcessInitializeOnLoadAttributes (139ms)
				ProcessInitializeOnLoadMethodAttributes (12ms)
				AfterProcessingInitializeOnLoad (2ms)
				EditorAssembliesLoaded (0ms)
			ExecutionOrderSort2 (0ms)
			AwakeInstancesAfterBackupRestoration (1ms)
Platform modules already initialized, skipping
========================================================================
Worker process is ready to serve import requests
Launched and connected shader compiler UnityShaderCompiler.exe after 0.03 seconds
Refreshing native plugins compatible for Editor in 0.59 ms, found 2 plugins.
Preloading 0 native plugins for Editor in 0.00 ms.
Unloading 3359 Unused Serialized files (Serialized files now loaded: 0)
System memory in use before: 149.4 MB.
System memory in use after: 149.6 MB.

Unloading 17 unused Assets to reduce memory usage. Loaded Objects now: 3799.
Total: 3.034300 ms (FindLiveObjects: 0.224100 ms CreateObjectMapping: 0.120600 ms MarkObjects: 2.602600 ms  DeleteObjects: 0.086300 ms)

AssetImportParameters requested are different than current active one (requested -> active):
  custom:framework-win-MediaFoundation: 216162199b28c13a410421893ffa2e32 -> 
  custom:video-decoder-ogg-theora: a1e56fd34408186e4bbccfd4996cb3dc -> 
  custom:container-muxer-webm: aa71ff27fc2769a1b78a27578f13a17b -> 
  custom:container-demuxer-webm: 4f35f7cbe854078d1ac9338744f61a02 -> 
  custom:container-demuxer-ogg: 62fdf1f143b41e24485cea50d1cbac27 -> 
  custom:video-encoder-webm-vp8: eb34c28f22e8b96e1ab97ce403110664 -> 
  custom:video-codec-MediaFoundation-h265: 746d11721c4dcdbdad8f713fa42b33f4 -> 
  custom:video-decoder-webm-vp8: 9c59270c3fd7afecdb556c50c9e8de78 -> 
  custom:audio-decoder-ogg-vorbis: bf7c407c2cedff20999df2af8eb42d56 -> 
  custom:audio-encoder-webm-vorbis: bf7c407c2cedff20999df2af8eb42d56 -> 
========================================================================
Received Import Request.
  path: Assets/CreativeCore_Shaders/Materials/Leaf.mat
  artifactKey: Guid(e40979a82d9b9e7489dac82674045b24) Importer(815301076,1909f56bfc062723c751e8b465ee728b)
Start importing Assets/CreativeCore_Shaders/Materials/Leaf.mat using Guid(e40979a82d9b9e7489dac82674045b24) Importer(815301076,1909f56bfc062723c751e8b465ee728b)  -> (artifact id: '29312af77112ee5ba54642c4683e0070') in 0.178071 seconds 
========================================================================
Received Import Request.
  Time since last request: 461.438052 seconds.
  path: Assets/CreativeCore_Shaders/Textures/Characters/Ellen
  artifactKey: Guid(05238aad4ea2c1d48a7ad3ab1573f052) Importer(815301076,1909f56bfc062723c751e8b465ee728b)
Start importing Assets/CreativeCore_Shaders/Textures/Characters/Ellen using Guid(05238aad4ea2c1d48a7ad3ab1573f052) Importer(815301076,1909f56bfc062723c751e8b465ee728b)  -> (artifact id: '27e40abb6018a4d800df560518ea3a27') in 0.005384 seconds 
========================================================================
Received Import Request.
  Time since last request: 9.124954 seconds.
  path: Assets/CreativeCore_Shaders/Materials/Pavement.mat
  artifactKey: Guid(c27f66e1d79eabb4994547ea31bb3bd1) Importer(815301076,1909f56bfc062723c751e8b465ee728b)
Start importing Assets/CreativeCore_Shaders/Materials/Pavement.mat using Guid(c27f66e1d79eabb4994547ea31bb3bd1) Importer(815301076,1909f56bfc062723c751e8b465ee728b)  -> (artifact id: '216a507220fdf3507c8ee4482b0af562') in 0.011746 seconds 
========================================================================
Received Import Request.
  Time since last request: 369.200273 seconds.
  path: Assets/CreativeCore_Shaders/Materials/Characters/Ellen/Ellen_Body.mat
  artifactKey: Guid(46ba9be6c4545f148aeea969a1f0bc1b) Importer(815301076,1909f56bfc062723c751e8b465ee728b)
Start importing Assets/CreativeCore_Shaders/Materials/Characters/Ellen/Ellen_Body.mat using Guid(46ba9be6c4545f148aeea969a1f0bc1b) Importer(815301076,1909f56bfc062723c751e8b465ee728b)  -> (artifact id: '3ade2a6cda75e2539349482a785f588c') in 0.027460 seconds 
========================================================================
Received Import Request.
  Time since last request: 0.000153 seconds.
  path: Assets/CreativeCore_Shaders/Materials/Characters/Ellen/Ellen_Hair.mat
  artifactKey: Guid(f4c868f611aae16448d369b0bf66a723) Importer(815301076,1909f56bfc062723c751e8b465ee728b)
Start importing Assets/CreativeCore_Shaders/Materials/Characters/Ellen/Ellen_Hair.mat using Guid(f4c868f611aae16448d369b0bf66a723) Importer(815301076,1909f56bfc062723c751e8b465ee728b)  -> (artifact id: 'cf4b7b6a183526007db85c375b5370dd') in 0.011630 seconds 
========================================================================
Received Import Request.
  Time since last request: 190.558919 seconds.
  path: Assets/CreativeCore_Shaders/Scenes
  artifactKey: Guid(7e76fa52fd407cd45832ff815570a3e9) Importer(815301076,1909f56bfc062723c751e8b465ee728b)
Start importing Assets/CreativeCore_Shaders/Scenes using Guid(7e76fa52fd407cd45832ff815570a3e9) Importer(815301076,1909f56bfc062723c751e8b465ee728b)  -> (artifact id: '2bfe2a858da12073ce030b076af24d24') in 0.004855 seconds 
========================================================================
Received Import Request.
  Time since last request: 0.438298 seconds.
  path: Assets/CreativeCore_Shaders/Scripts
  artifactKey: Guid(02a3527b6b33a924e8ec66aa805ea717) Importer(815301076,1909f56bfc062723c751e8b465ee728b)
Start importing Assets/CreativeCore_Shaders/Scripts using Guid(02a3527b6b33a924e8ec66aa805ea717) Importer(815301076,1909f56bfc062723c751e8b465ee728b)  -> (artifact id: '3d22bec3b2937c29cd085e1506c06094') in 0.004958 seconds 
========================================================================
Received Import Request.
  Time since last request: 0.423347 seconds.
  path: Assets/CreativeCore_Shaders/Prefabs
  artifactKey: Guid(fe6b98fc71317c74f96f27d6423a45af) Importer(815301076,1909f56bfc062723c751e8b465ee728b)
Start importing Assets/CreativeCore_Shaders/Prefabs using Guid(fe6b98fc71317c74f96f27d6423a45af) Importer(815301076,1909f56bfc062723c751e8b465ee728b)  -> (artifact id: 'd2a578660d2cbe39c49bbec01caf3515') in 0.004820 seconds 
========================================================================
Received Import Request.
  Time since last request: 6.616761 seconds.
  path: Assets/CreativeCore_Shaders/Settings
  artifactKey: Guid(0735c275001a2c84dafdb30deced5d8d) Importer(815301076,1909f56bfc062723c751e8b465ee728b)
Start importing Assets/CreativeCore_Shaders/Settings using Guid(0735c275001a2c84dafdb30deced5d8d) Importer(815301076,1909f56bfc062723c751e8b465ee728b)  -> (artifact id: '93acb47a41d734d0e1a9166c2e42237b') in 0.004935 seconds 
========================================================================
Received Import Request.
  Time since last request: 0.349833 seconds.
  path: Assets/CreativeCore_Shaders/ShaderGraphs
  artifactKey: Guid(0a3d3d3d002019b478933aa4a6bf2604) Importer(815301076,1909f56bfc062723c751e8b465ee728b)
Start importing Assets/CreativeCore_Shaders/ShaderGraphs using Guid(0a3d3d3d002019b478933aa4a6bf2604) Importer(815301076,1909f56bfc062723c751e8b465ee728b)  -> (artifact id: 'db55cf64265b3bb80e1083d6d9f5cf5f') in 0.005156 seconds 
========================================================================
Received Import Request.
  Time since last request: 0.047570 seconds.
  path: Assets/CreativeCore_Shaders/ShaderGraphs/Dissolve.mat
  artifactKey: Guid(d83e4c2b350bdbc478c0753f1f944c31) Importer(815301076,1909f56bfc062723c751e8b465ee728b)
Start importing Assets/CreativeCore_Shaders/ShaderGraphs/Dissolve.mat using Guid(d83e4c2b350bdbc478c0753f1f944c31) Importer(815301076,1909f56bfc062723c751e8b465ee728b)  -> (artifact id: '061df733e1fdeff663274ac2b0ecbdd5') in 0.330120 seconds 
========================================================================
Received Import Request.
  Time since last request: 6.846617 seconds.
  path: Assets/CreativeCore_Shaders/ShaderGraphs/Example_Dissolve.shadergraph
  artifactKey: Guid(e589918dde7825a4fba017b438e44303) Importer(815301076,1909f56bfc062723c751e8b465ee728b)
Start importing Assets/CreativeCore_Shaders/ShaderGraphs/Example_Dissolve.shadergraph using Guid(e589918dde7825a4fba017b438e44303) Importer(815301076,1909f56bfc062723c751e8b465ee728b)  -> (artifact id: '949c94ce8945ed3c4937359069c0bb1d') in 0.006673 seconds 
========================================================================
Received Import Request.
  Time since last request: 2.042233 seconds.
  path: Assets/CreativeCore_Shaders/ShaderGraphs/Example_Shimmer.shadergraph
  artifactKey: Guid(22ea675d1e120054a9a5976fcf24d561) Importer(815301076,1909f56bfc062723c751e8b465ee728b)
Start importing Assets/CreativeCore_Shaders/ShaderGraphs/Example_Shimmer.shadergraph using Guid(22ea675d1e120054a9a5976fcf24d561) Importer(815301076,1909f56bfc062723c751e8b465ee728b)  -> (artifact id: 'f5cf13e31066044b56ec4bbfffe6586c') in 0.005434 seconds 
========================================================================
Received Import Request.
  Time since last request: 1976.823880 seconds.
  path: Assets/CreativeCore_Shaders/ShaderGraphs/Shimmer_ShaderGraph.shadergraph
  artifactKey: Guid(608827210ef20c94e92aeffbc2138a20) Importer(815301076,1909f56bfc062723c751e8b465ee728b)
Start importing Assets/CreativeCore_Shaders/ShaderGraphs/Shimmer_ShaderGraph.shadergraph using Guid(608827210ef20c94e92aeffbc2138a20) Importer(815301076,1909f56bfc062723c751e8b465ee728b)  -> (artifact id: 'ca317747ccec4ccc2b8ccbb624e361c3') in 0.006054 seconds 
========================================================================
Received Import Request.
  Time since last request: 2688.583781 seconds.
  path: Assets/CreativeCore_Shaders/ShaderGraphs/Shimmer_T.mat
  artifactKey: Guid(8d7a5ea3da055a448b07ca53d6ab4e01) Importer(815301076,1909f56bfc062723c751e8b465ee728b)
Start importing Assets/CreativeCore_Shaders/ShaderGraphs/Shimmer_T.mat using Guid(8d7a5ea3da055a448b07ca53d6ab4e01) Importer(815301076,1909f56bfc062723c751e8b465ee728b)  -> (artifact id: '666cffa284754c1205349e363e346607') in 0.010224 seconds 
========================================================================
Received Import Request.
  Time since last request: 147.682359 seconds.
  path: Assets/CreativeCore_Shaders/ShaderGraphs/Shimmer_T.mat
  artifactKey: Guid(8d7a5ea3da055a448b07ca53d6ab4e01) Importer(815301076,1909f56bfc062723c751e8b465ee728b)
Start importing Assets/CreativeCore_Shaders/ShaderGraphs/Shimmer_T.mat using Guid(8d7a5ea3da055a448b07ca53d6ab4e01) Importer(815301076,1909f56bfc062723c751e8b465ee728b)  -> (artifact id: '765e7b21ce7953917d9b7a6648ce0284') in 0.016306 seconds 
========================================================================
Received Import Request.
  Time since last request: 68.167898 seconds.
  path: Assets/CreativeCore_Shaders/ShaderGraphs/New Material.mat
  artifactKey: Guid(d4d91ce392dc6194783eab4cf6b76601) Importer(815301076,1909f56bfc062723c751e8b465ee728b)
Start importing Assets/CreativeCore_Shaders/ShaderGraphs/New Material.mat using Guid(d4d91ce392dc6194783eab4cf6b76601) Importer(815301076,1909f56bfc062723c751e8b465ee728b)  -> (artifact id: 'f684e2cec723c9e9c814bb6b84a67762') in 0.010165 seconds 
========================================================================
Received Import Request.
  Time since last request: 10.355003 seconds.
  path: Assets/CreativeCore_Shaders/ShaderGraphs/Shimmer_2.mat
  artifactKey: Guid(d4d91ce392dc6194783eab4cf6b76601) Importer(815301076,1909f56bfc062723c751e8b465ee728b)
Start importing Assets/CreativeCore_Shaders/ShaderGraphs/Shimmer_2.mat using Guid(d4d91ce392dc6194783eab4cf6b76601) Importer(815301076,1909f56bfc062723c751e8b465ee728b)  -> (artifact id: '4568c494b000bbf9188d7777cbfe107f') in 0.008913 seconds 
========================================================================
Received Import Request.
  Time since last request: 111.992263 seconds.
  path: Assets/CreativeCore_Shaders/ShaderGraphs/Shimmer_2.mat
  artifactKey: Guid(d4d91ce392dc6194783eab4cf6b76601) Importer(815301076,1909f56bfc062723c751e8b465ee728b)
Start importing Assets/CreativeCore_Shaders/ShaderGraphs/Shimmer_2.mat using Guid(d4d91ce392dc6194783eab4cf6b76601) Importer(815301076,1909f56bfc062723c751e8b465ee728b)  -> (artifact id: 'aed7146e4c7c6ea607f764e1d666fb8f') in 0.008042 seconds 
========================================================================
Received Import Request.
  Time since last request: 385.868720 seconds.
  path: Assets/CreativeCore_Shaders/ShaderGraphs/Shimmer.mat
  artifactKey: Guid(05d124e7f58847849bf41399778e420d) Importer(815301076,1909f56bfc062723c751e8b465ee728b)
Start importing Assets/CreativeCore_Shaders/ShaderGraphs/Shimmer.mat using Guid(05d124e7f58847849bf41399778e420d) Importer(815301076,1909f56bfc062723c751e8b465ee728b)  -> (artifact id: '563eae3f84ae6cfa664fc4281357330d') in 0.011848 seconds 
========================================================================
Received Import Request.
  Time since last request: 67.558106 seconds.
  path: Assets/CreativeCore_Shaders/ShaderGraphs/Shimmer.mat
  artifactKey: Guid(05d124e7f58847849bf41399778e420d) Importer(815301076,1909f56bfc062723c751e8b465ee728b)
Start importing Assets/CreativeCore_Shaders/ShaderGraphs/Shimmer.mat using Guid(05d124e7f58847849bf41399778e420d) Importer(815301076,1909f56bfc062723c751e8b465ee728b)  -> (artifact id: '351908cb8725cc53e666c87fba05b2f1') in 0.010513 seconds 
========================================================================
Received Import Request.
  Time since last request: 9.639542 seconds.
  path: Assets/CreativeCore_Shaders/ShaderGraphs/Shimmer_ShaderGraph_2.shadergraph
  artifactKey: Guid(608827210ef20c94e92aeffbc2138a20) Importer(815301076,1909f56bfc062723c751e8b465ee728b)
Start importing Assets/CreativeCore_Shaders/ShaderGraphs/Shimmer_ShaderGraph_2.shadergraph using Guid(608827210ef20c94e92aeffbc2138a20) Importer(815301076,1909f56bfc062723c751e8b465ee728b)  -> (artifact id: 'a76ba15fc04202e84739fd68ee517565') in 0.006106 seconds 
========================================================================
Received Import Request.
  Time since last request: 58.880806 seconds.
  path: Assets/CreativeCore_Shaders/ShaderGraphs/Shimmer.mat
  artifactKey: Guid(05d124e7f58847849bf41399778e420d) Importer(815301076,1909f56bfc062723c751e8b465ee728b)
Start importing Assets/CreativeCore_Shaders/ShaderGraphs/Shimmer.mat using Guid(05d124e7f58847849bf41399778e420d) Importer(815301076,1909f56bfc062723c751e8b465ee728b)  -> (artifact id: 'a19d7d717a8519e000a6924dbc89180a') in 0.008733 seconds 
AssetImportWorkerClient::OnTransportError - code=2 error=End of file
